<?xml version="1.0" encoding="UTF-8"?>
<coverage generated="1781790068936" clover="3.2.0">
  <project timestamp="1781790068936" name="All files">
    <metrics statements="154" coveredstatements="123" conditionals="143" coveredconditionals="106" methods="44" coveredmethods="28" elements="341" coveredelements="257" complexity="0" loc="154" ncloc="154" packages="1" files="1" classes="1"/>
    <file name="page.tsx" path="C:\Users\The boss\Downloads\Claude Code\belarro-v4\frontend\src\app\admin\crops\page.tsx">
      <metrics statements="154" coveredstatements="123" conditionals="143" coveredconditionals="106" methods="44" coveredmethods="28"/>
      <line num="3" count="1" type="stmt"/>
      <line num="47" count="1" type="stmt"/>
      <line num="49" count="16" type="stmt"/>
      <line num="50" count="102" type="stmt"/>
      <line num="51" count="102" type="stmt"/>
      <line num="52" count="102" type="stmt"/>
      <line num="53" count="102" type="stmt"/>
      <line num="54" count="102" type="stmt"/>
      <line num="55" count="102" type="stmt"/>
      <line num="56" count="102" type="stmt"/>
      <line num="57" count="102" type="stmt"/>
      <line num="58" count="102" type="stmt"/>
      <line num="59" count="102" type="stmt"/>
      <line num="62" count="102" type="stmt"/>
      <line num="70" count="102" type="stmt"/>
      <line num="81" count="102" type="stmt"/>
      <line num="82" count="102" type="stmt"/>
      <line num="85" count="102" type="stmt"/>
      <line num="86" count="18" type="stmt"/>
      <line num="87" count="18" type="stmt"/>
      <line num="88" count="18" type="stmt"/>
      <line num="89" count="17" type="stmt"/>
      <line num="90" count="16" type="cond" truecount="2" falsecount="0"/>
      <line num="91" count="15" type="cond" truecount="1" falsecount="1"/>
      <line num="93" count="1" type="cond" truecount="1" falsecount="1"/>
      <line num="96" count="1" type="stmt"/>
      <line num="97" count="1" type="stmt"/>
      <line num="99" count="17" type="stmt"/>
      <line num="103" count="102" type="stmt"/>
      <line num="104" count="16" type="stmt"/>
      <line num="108" count="102" type="stmt"/>
      <line num="109" count="27" type="cond" truecount="3" falsecount="0"/>
      <line num="110" count="10" type="stmt"/>
      <line num="114" count="102" type="stmt"/>
      <line num="115" count="10" type="stmt"/>
      <line num="116" count="10" type="stmt"/>
      <line num="117" count="10" type="stmt"/>
      <line num="118" count="9" type="cond" truecount="3" falsecount="0"/>
      <line num="119" count="9" type="stmt"/>
      <line num="120" count="9" type="stmt"/>
      <line num="127" count="9" type="cond" truecount="1" falsecount="1"/>
      <line num="137" count="9" type="cond" truecount="1" falsecount="1"/>
      <line num="140" count="1" type="stmt"/>
      <line num="141" count="1" type="stmt"/>
      <line num="145" count="102" type="stmt"/>
      <line num="146" count="102" type="stmt"/>
      <line num="147" count="52" type="cond" truecount="2" falsecount="1"/>
      <line num="152" count="102" type="cond" truecount="0" falsecount="1"/>
      <line num="153" count="7" type="stmt"/>
      <line num="154" count="7" type="stmt"/>
      <line num="157" count="102" type="stmt"/>
      <line num="158" count="3" type="cond" truecount="3" falsecount="0"/>
      <line num="159" count="1" type="stmt"/>
      <line num="160" count="1" type="stmt"/>
      <line num="163" count="2" type="cond" truecount="1" falsecount="0"/>
      <line num="164" count="1" type="stmt"/>
      <line num="165" count="1" type="stmt"/>
      <line num="168" count="1" type="cond" truecount="1" falsecount="2"/>
      <line num="169" count="0" type="stmt"/>
      <line num="170" count="0" type="stmt"/>
      <line num="173" count="1" type="cond" truecount="1" falsecount="2"/>
      <line num="174" count="0" type="stmt"/>
      <line num="175" count="0" type="stmt"/>
      <line num="178" count="1" type="stmt"/>
      <line num="179" count="1" type="stmt"/>
      <line num="180" count="1" type="stmt"/>
      <line num="188" count="0" type="cond" truecount="0" falsecount="2"/>
      <line num="191" count="1" type="cond" truecount="1" falsecount="1"/>
      <line num="192" count="1" type="cond" truecount="1" falsecount="1"/>
      <line num="193" count="1" type="stmt"/>
      <line num="199" count="1" type="stmt"/>
      <line num="200" count="1" type="cond" truecount="1" falsecount="1"/>
      <line num="201" count="1" type="cond" truecount="1" falsecount="1"/>
      <line num="202" count="1" type="stmt"/>
      <line num="203" count="1" type="stmt"/>
      <line num="204" count="1" type="cond" truecount="1" falsecount="0"/>
      <line num="205" count="1" type="stmt"/>
      <line num="207" count="1" type="stmt"/>
      <line num="209" count="0" type="cond" truecount="0" falsecount="2"/>
      <line num="212" count="0" type="stmt"/>
      <line num="213" count="0" type="stmt"/>
      <line num="215" count="1" type="stmt"/>
      <line num="219" count="102" type="stmt"/>
      <line num="220" count="1" type="cond" truecount="0" falsecount="1"/>
      <line num="221" count="1" type="stmt"/>
      <line num="222" count="1" type="stmt"/>
      <line num="223" count="1" type="stmt"/>
      <line num="228" count="1" type="stmt"/>
      <line num="229" count="1" type="cond" truecount="1" falsecount="1"/>
      <line num="230" count="1" type="stmt"/>
      <line num="231" count="1" type="stmt"/>
      <line num="232" count="1" type="stmt"/>
      <line num="233" count="1" type="stmt"/>
      <line num="235" count="0" type="stmt"/>
      <line num="238" count="0" type="stmt"/>
      <line num="239" count="0" type="stmt"/>
      <line num="241" count="1" type="stmt"/>
      <line num="245" count="102" type="stmt"/>
      <line num="246" count="3" type="stmt"/>
      <line num="247" count="3" type="stmt"/>
      <line num="248" count="3" type="stmt"/>
      <line num="249" count="3" type="stmt"/>
      <line num="250" count="3" type="stmt"/>
      <line num="251" count="3" type="stmt"/>
      <line num="261" count="3" type="stmt"/>
      <line num="264" count="102" type="stmt"/>
      <line num="265" count="1" type="cond" truecount="2" falsecount="1"/>
      <line num="266" count="0" type="stmt"/>
      <line num="267" count="0" type="stmt"/>
      <line num="269" count="1" type="stmt"/>
      <line num="278" count="1" type="stmt"/>
      <line num="281" count="102" type="stmt"/>
      <line num="282" count="0" type="stmt"/>
      <line num="285" count="102" type="stmt"/>
      <line num="286" count="7" type="stmt"/>
      <line num="287" count="7" type="cond" truecount="3" falsecount="0"/>
      <line num="288" count="1" type="stmt"/>
      <line num="290" count="7" type="cond" truecount="1" falsecount="0"/>
      <line num="291" count="6" type="stmt"/>
      <line num="293" count="7" type="stmt"/>
      <line num="296" count="102" type="cond" truecount="1" falsecount="0"/>
      <line num="327" count="0" type="stmt"/>
      <line num="338" count="52" type="stmt"/>
      <line num="341" count="9" type="stmt"/>
      <line num="342" count="9" type="stmt"/>
      <line num="343" count="9" type="stmt"/>
      <line num="382" count="2" type="stmt"/>
      <line num="394" count="204" type="stmt"/>
      <line num="396" count="5" type="stmt"/>
      <line num="421" count="9" type="stmt"/>
      <line num="433" count="10" type="stmt"/>
      <line num="445" count="0" type="stmt"/>
      <line num="457" count="0" type="stmt"/>
      <line num="468" count="0" type="stmt"/>
      <line num="495" count="1" type="stmt"/>
      <line num="510" count="0" type="cond" truecount="0" falsecount="2"/>
      <line num="535" count="0" type="stmt"/>
      <line num="550" count="0" type="stmt"/>
      <line num="565" count="0" type="cond" truecount="0" falsecount="2"/>
      <line num="581" count="0" type="stmt"/>
      <line num="598" count="1" type="cond" truecount="1" falsecount="1"/>
      <line num="609" count="0" type="stmt"/>
      <line num="656" count="3" type="stmt"/>
      <line num="663" count="0" type="stmt"/>
      <line num="689" count="4" type="stmt"/>
      <line num="699" count="3" type="stmt"/>
      <line num="710" count="3" type="stmt"/>
      <line num="737" count="0" type="stmt"/>
      <line num="738" count="0" type="cond" truecount="0" falsecount="2"/>
      <line num="739" count="0" type="stmt"/>
      <line num="740" count="0" type="stmt"/>
      <line num="742" count="0" type="stmt"/>
      <line num="759" count="4" type="stmt"/>
      <line num="784" count="0" type="stmt"/>
    </file>
  </project>
</coverage>
