TN:
SF:src\app\admin\crops\page.tsx
FN:49,AdminCropsPage
FN:85,(anonymous_2)
FN:103,(anonymous_3)
FN:108,(anonymous_4)
FN:114,(anonymous_5)
FN:145,(anonymous_6)
FN:146,(anonymous_7)
FN:152,(anonymous_8)
FN:154,(anonymous_9)
FN:157,(anonymous_10)
FN:188,(anonymous_11)
FN:219,(anonymous_12)
FN:245,(anonymous_13)
FN:264,(anonymous_14)
FN:281,(anonymous_15)
FN:282,(anonymous_16)
FN:285,(anonymous_17)
FN:327,(anonymous_18)
FN:337,(anonymous_19)
FN:340,(anonymous_20)
FN:382,(anonymous_21)
FN:393,(anonymous_22)
FN:396,(anonymous_23)
FN:421,(anonymous_24)
FN:433,(anonymous_25)
FN:445,(anonymous_26)
FN:457,(anonymous_27)
FN:468,(anonymous_28)
FN:495,(anonymous_29)
FN:510,(anonymous_30)
FN:535,(anonymous_31)
FN:550,(anonymous_32)
FN:565,(anonymous_33)
FN:581,(anonymous_34)
FN:598,(anonymous_35)
FN:609,(anonymous_36)
FN:655,(anonymous_37)
FN:663,(anonymous_38)
FN:689,(anonymous_39)
FN:699,(anonymous_40)
FN:710,(anonymous_41)
FN:736,(anonymous_42)
FN:759,(anonymous_43)
FN:784,(anonymous_44)
FNF:44
FNH:28
FNDA:102,AdminCropsPage
FNDA:18,(anonymous_2)
FNDA:16,(anonymous_3)
FNDA:27,(anonymous_4)
FNDA:10,(anonymous_5)
FNDA:52,(anonymous_6)
FNDA:52,(anonymous_7)
FNDA:7,(anonymous_8)
FNDA:1,(anonymous_9)
FNDA:3,(anonymous_10)
FNDA:0,(anonymous_11)
FNDA:1,(anonymous_12)
FNDA:3,(anonymous_13)
FNDA:1,(anonymous_14)
FNDA:0,(anonymous_15)
FNDA:0,(anonymous_16)
FNDA:7,(anonymous_17)
FNDA:0,(anonymous_18)
FNDA:52,(anonymous_19)
FNDA:9,(anonymous_20)
FNDA:2,(anonymous_21)
FNDA:204,(anonymous_22)
FNDA:5,(anonymous_23)
FNDA:9,(anonymous_24)
FNDA:10,(anonymous_25)
FNDA:0,(anonymous_26)
FNDA:0,(anonymous_27)
FNDA:0,(anonymous_28)
FNDA:1,(anonymous_29)
FNDA:0,(anonymous_30)
FNDA:0,(anonymous_31)
FNDA:0,(anonymous_32)
FNDA:0,(anonymous_33)
FNDA:0,(anonymous_34)
FNDA:1,(anonymous_35)
FNDA:0,(anonymous_36)
FNDA:3,(anonymous_37)
FNDA:0,(anonymous_38)
FNDA:4,(anonymous_39)
FNDA:3,(anonymous_40)
FNDA:3,(anonymous_41)
FNDA:0,(anonymous_42)
FNDA:4,(anonymous_43)
FNDA:0,(anonymous_44)
DA:3,1
DA:47,1
DA:49,16
DA:50,102
DA:51,102
DA:52,102
DA:53,102
DA:54,102
DA:55,102
DA:56,102
DA:57,102
DA:58,102
DA:59,102
DA:62,102
DA:70,102
DA:81,102
DA:82,102
DA:85,102
DA:86,18
DA:87,18
DA:88,18
DA:89,17
DA:90,16
DA:91,15
DA:93,1
DA:96,1
DA:97,1
DA:99,17
DA:103,102
DA:104,16
DA:108,102
DA:109,27
DA:110,10
DA:114,102
DA:115,10
DA:116,10
DA:117,10
DA:118,9
DA:119,9
DA:120,9
DA:127,9
DA:137,9
DA:140,1
DA:141,1
DA:145,102
DA:146,102
DA:147,52
DA:152,102
DA:153,7
DA:154,7
DA:157,102
DA:158,3
DA:159,1
DA:160,1
DA:163,2
DA:164,1
DA:165,1
DA:168,1
DA:169,0
DA:170,0
DA:173,1
DA:174,0
DA:175,0
DA:178,1
DA:179,1
DA:180,1
DA:188,0
DA:191,1
DA:192,1
DA:193,1
DA:199,1
DA:200,1
DA:201,1
DA:202,1
DA:203,1
DA:204,1
DA:205,1
DA:207,1
DA:209,0
DA:212,0
DA:213,0
DA:215,1
DA:219,102
DA:220,1
DA:221,1
DA:222,1
DA:223,1
DA:228,1
DA:229,1
DA:230,1
DA:231,1
DA:232,1
DA:233,1
DA:235,0
DA:238,0
DA:239,0
DA:241,1
DA:245,102
DA:246,3
DA:247,3
DA:248,3
DA:249,3
DA:250,3
DA:251,3
DA:261,3
DA:264,102
DA:265,1
DA:266,0
DA:267,0
DA:269,1
DA:278,1
DA:281,102
DA:282,0
DA:285,102
DA:286,7
DA:287,7
DA:288,1
DA:290,7
DA:291,6
DA:293,7
DA:296,102
DA:327,0
DA:338,52
DA:341,9
DA:342,9
DA:343,9
DA:382,2
DA:394,204
DA:396,5
DA:421,9
DA:433,10
DA:445,0
DA:457,0
DA:468,0
DA:495,1
DA:510,0
DA:535,0
DA:550,0
DA:565,0
DA:581,0
DA:598,1
DA:609,0
DA:656,3
DA:663,0
DA:689,4
DA:699,3
DA:710,3
DA:737,0
DA:738,0
DA:739,0
DA:740,0
DA:742,0
DA:759,4
DA:784,0
LF:154
LH:123
BRDA:90,0,0,15
BRDA:90,0,1,1
BRDA:91,1,0,15
BRDA:91,1,1,0
BRDA:93,2,0,1
BRDA:93,2,1,0
BRDA:109,3,0,10
BRDA:109,4,0,27
BRDA:109,4,1,10
BRDA:118,5,0,9
BRDA:118,6,0,9
BRDA:118,6,1,9
BRDA:121,7,0,9
BRDA:121,7,1,0
BRDA:122,8,0,9
BRDA:122,8,1,0
BRDA:123,9,0,9
BRDA:123,9,1,7
BRDA:124,10,0,9
BRDA:124,10,1,9
BRDA:125,11,0,9
BRDA:125,11,1,0
BRDA:127,12,0,9
BRDA:127,12,1,0
BRDA:137,13,0,9
BRDA:137,13,1,0
BRDA:147,14,0,52
BRDA:147,14,1,0
BRDA:147,14,2,52
BRDA:152,15,0,0
BRDA:158,16,0,1
BRDA:158,17,0,3
BRDA:158,17,1,2
BRDA:163,18,0,1
BRDA:168,19,0,0
BRDA:168,20,0,1
BRDA:168,20,1,0
BRDA:173,21,0,0
BRDA:173,22,0,1
BRDA:173,22,1,0
BRDA:181,23,0,1
BRDA:181,23,1,0
BRDA:184,24,0,1
BRDA:184,24,1,1
BRDA:185,25,0,1
BRDA:185,25,1,1
BRDA:188,26,0,0
BRDA:188,26,1,0
BRDA:191,27,0,1
BRDA:191,27,1,0
BRDA:192,28,0,1
BRDA:192,28,1,0
BRDA:200,29,0,1
BRDA:200,29,1,0
BRDA:201,30,0,1
BRDA:201,30,1,0
BRDA:204,31,0,1
BRDA:209,32,0,0
BRDA:209,32,1,0
BRDA:220,33,0,0
BRDA:229,34,0,1
BRDA:229,34,1,0
BRDA:265,35,0,0
BRDA:265,36,0,1
BRDA:265,36,1,1
BRDA:274,37,0,1
BRDA:274,37,1,0
BRDA:287,38,0,1
BRDA:287,39,0,7
BRDA:287,39,1,1
BRDA:290,40,0,6
BRDA:296,41,0,16
BRDA:334,42,0,34
BRDA:334,42,1,52
BRDA:346,43,0,42
BRDA:346,43,1,10
BRDA:358,44,0,52
BRDA:358,44,1,0
BRDA:374,45,0,68
BRDA:373,46,0,86
BRDA:373,46,1,60
BRDA:378,47,0,26
BRDA:378,47,1,42
BRDA:380,48,0,68
BRDA:399,49,0,68
BRDA:399,49,1,136
BRDA:402,50,0,6
BRDA:402,50,1,198
BRDA:404,51,0,204
BRDA:404,51,1,68
BRDA:405,52,0,204
BRDA:405,52,1,68
BRDA:406,53,0,204
BRDA:406,53,1,68
BRDA:414,54,0,68
BRDA:480,55,0,68
BRDA:502,56,0,7
BRDA:502,56,1,1
BRDA:509,57,0,1
BRDA:509,57,1,1
BRDA:510,58,0,0
BRDA:510,58,1,0
BRDA:515,59,0,7
BRDA:515,59,1,1
BRDA:557,60,0,7
BRDA:557,60,1,1
BRDA:564,61,0,0
BRDA:564,61,1,0
BRDA:565,62,0,0
BRDA:565,62,1,0
BRDA:570,63,0,7
BRDA:570,63,1,1
BRDA:597,64,0,7
BRDA:597,64,1,1
BRDA:598,65,0,1
BRDA:598,65,1,0
BRDA:604,66,0,7
BRDA:604,66,1,6
BRDA:616,67,0,7
BRDA:619,68,0,2
BRDA:619,68,1,1
BRDA:638,69,0,68
BRDA:641,70,0,14
BRDA:651,71,0,2
BRDA:659,72,0,3
BRDA:659,72,1,0
BRDA:660,73,0,3
BRDA:679,74,0,14
BRDA:724,75,0,14
BRDA:724,75,1,12
BRDA:734,76,0,43
BRDA:733,77,0,68
BRDA:733,77,1,25
BRDA:738,78,0,0
BRDA:738,78,1,0
BRDA:754,79,0,1
BRDA:754,79,1,42
BRDA:775,80,0,86
BRDA:794,81,0,1
BRDA:794,81,1,2
BRDA:802,82,0,86
BRDA:804,83,0,1
BRDA:804,83,1,5
BRF:143
BRH:106
end_of_record
